09:16:33 **** Incremental Build of configuration Nios II for project switches ****
make all 
Info: Building ../switches_bsp/
C:/intelFPGA_lite/18.0/nios2eds/bin/gnu/H-x86_64-mingw32/bin/make --no-print-directory -C ../switches_bsp/
[BSP build complete]
Info: Compiling switches.c to obj/default/switches.o
nios2-elf-gcc -xc -MP -MMD -c -I../switches_bsp//HAL/inc -I../switches_bsp/ -I../switches_bsp//drivers/inc  -pipe -D__hal__ -DALT_NO_INSTRUCTION_EMULATION -DALT_SINGLE_THREADED    -O0 -g -Wall   -mno-hw-div -mhw-mul -mno-hw-mulx -mgpopt=global  -o obj/default/switches.o switches.c
Info: Linking switches.elf
nios2-elf-g++  -T'../switches_bsp//linker.x' -msys-crt0='../switches_bsp//obj/HAL/src/crt0.o' -msys-lib=hal_bsp -L../switches_bsp/   -Wl,-Map=switches.map   -O0 -g -Wall   -mno-hw-div -mhw-mul -mno-hw-mulx -mgpopt=global  -o switches.elf obj/default/switches.o -lm -msys-lib=m
nios2-elf-insert switches.elf --thread_model hal --cpu_name nios2_gen2_0 --qsys true --simulation_enabled false --id 0 --sidp 0x41050 --timestamp 1539863639 --stderr_dev jtag_uart_0 --stdin_dev jtag_uart_0 --stdout_dev jtag_uart_0 --sopc_system_name nios_3pio --quartus_project_dir "C:/Users/hiemenzpe/Documents/GitHub/Digital-System-Design-Projects/Lab-4/nios-all" --jdi ../..//output_files/nios_all.jdi --sopcinfo C:/Users/hiemenzpe/Documents/GitHub/Digital-System-Design-Projects/Lab-4/nios-all/software/switches_bsp/../../nios_3pio.sopcinfo
Info: (switches.elf) 76 KBytes program size (code + initialized data).
Info:                44 KBytes free for stack + heap.
Info: Creating switches.objdump
nios2-elf-objdump --disassemble --syms --all-header --source switches.elf >switches.objdump
[switches build complete]
09:16:44 **** Build of configuration Nios II for project switches ****
make all 
Info: Building ../switches_bsp/
C:/intelFPGA_lite/18.0/nios2eds/bin/gnu/H-x86_64-mingw32/bin/make --no-print-directory -C ../switches_bsp/
[BSP build complete]
[switches build complete]
09:16:46 **** Incremental Build of configuration Nios II for project switches ****
make all 
Info: Building ../switches_bsp/
C:/intelFPGA_lite/18.0/nios2eds/bin/gnu/H-x86_64-mingw32/bin/make --no-print-directory -C ../switches_bsp/
[BSP build complete]
[switches build complete]
