Flow report for vga_char_message
Mon Oct 08 15:24:07 2018
Quartus Prime Version 18.0.0 Build 614 04/24/2018 SJ Lite Edition


---------------------
; Table of Contents ;
---------------------
  1. Legal Notice
  2. Flow Summary
  3. Flow Settings
  4. Flow Non-Default Global Settings
  5. Flow Elapsed Time
  6. Flow OS Summary
  7. Flow Log
  8. Flow Messages
  9. Flow Suppressed Messages



----------------
; Legal Notice ;
----------------
Copyright (C) 2018  Intel Corporation. All rights reserved.
Your use of Intel Corporation's design tools, logic functions 
and other software and tools, and its AMPP partner logic 
functions, and any output files from any of the foregoing 
(including device programming or simulation files), and any 
associated documentation or information are expressly subject 
to the terms and conditions of the Intel Program License 
Subscription Agreement, the Intel Quartus Prime License Agreement,
the Intel FPGA IP License Agreement, or other applicable license
agreement, including, without limitation, that your use is for
the sole purpose of programming logic devices manufactured by
Intel and sold by Intel or its authorized distributors.  Please
refer to the applicable agreement for further details.



+----------------------------------------------------------------------------------+
; Flow Summary                                                                     ;
+------------------------------------+---------------------------------------------+
; Flow Status                        ; Successful - Mon Oct 08 15:24:07 2018       ;
; Quartus Prime Version              ; 18.0.0 Build 614 04/24/2018 SJ Lite Edition ;
; Revision Name                      ; vga_char_message                            ;
; Top-level Entity Name              ; vga_char_message_de10                       ;
; Family                             ; MAX 10                                      ;
; Device                             ; 10M50DAF484C7G                              ;
; Timing Models                      ; Final                                       ;
; Total logic elements               ; 599 / 49,760 ( 1 % )                        ;
;     Total combinational functions  ; 597 / 49,760 ( 1 % )                        ;
;     Dedicated logic registers      ; 21 / 49,760 ( < 1 % )                       ;
; Total registers                    ; 21                                          ;
; Total pins                         ; 15 / 360 ( 4 % )                            ;
; Total virtual pins                 ; 0                                           ;
; Total memory bits                  ; 2,048 / 1,677,312 ( < 1 % )                 ;
; Embedded Multiplier 9-bit elements ; 0 / 288 ( 0 % )                             ;
; Total PLLs                         ; 1 / 4 ( 25 % )                              ;
; UFM blocks                         ; 0 / 1 ( 0 % )                               ;
; ADC blocks                         ; 0 / 2 ( 0 % )                               ;
+------------------------------------+---------------------------------------------+


+-----------------------------------------+
; Flow Settings                           ;
+-------------------+---------------------+
; Option            ; Setting             ;
+-------------------+---------------------+
; Start date & time ; 10/08/2018 15:23:23 ;
; Main task         ; Compilation         ;
; Revision Name     ; vga_char_message    ;
+-------------------+---------------------+


+------------------------------------------------------------------------------------------------------------------------------------------+
; Flow Non-Default Global Settings                                                                                                         ;
+-------------------------------------+----------------------------------------+------------------+-----------------------+----------------+
; Assignment Name                     ; Value                                  ; Default Value    ; Entity Name           ; Section Id     ;
+-------------------------------------+----------------------------------------+------------------+-----------------------+----------------+
; COMPILER_SIGNATURE_ID               ; 2543711158273.153903020316988          ; --               ; --                    ; --             ;
; EDA_OUTPUT_DATA_FORMAT              ; Vhdl                                   ; --               ; --                    ; eda_simulation ;
; EDA_SIMULATION_TOOL                 ; ModelSim-Altera (VHDL)                 ; <None>           ; --                    ; --             ;
; EDA_TIME_SCALE                      ; 1 ps                                   ; --               ; --                    ; eda_simulation ;
; MAX_CORE_JUNCTION_TEMP              ; 85                                     ; --               ; --                    ; --             ;
; MIN_CORE_JUNCTION_TEMP              ; 0                                      ; --               ; --                    ; --             ;
; MISC_FILE                           ; rom_8bit.cmp                           ; --               ; --                    ; --             ;
; MISC_FILE                           ; pll_25MHz.cmp                          ; --               ; --                    ; --             ;
; MISC_FILE                           ; pll_25MHz.ppf                          ; --               ; --                    ; --             ;
; OUTPUT_IO_TIMING_FAR_END_VMEAS      ; Half Signal Swing                      ; --               ; --                    ; --             ;
; OUTPUT_IO_TIMING_FAR_END_VMEAS      ; Half Signal Swing                      ; --               ; --                    ; --             ;
; OUTPUT_IO_TIMING_NEAR_END_VMEAS     ; Half Vccio                             ; --               ; --                    ; --             ;
; OUTPUT_IO_TIMING_NEAR_END_VMEAS     ; Half Vccio                             ; --               ; --                    ; --             ;
; PARTITION_COLOR                     ; -- (Not supported for targeted family) ; --               ; vga_char_message_de10 ; Top            ;
; PARTITION_FITTER_PRESERVATION_LEVEL ; -- (Not supported for targeted family) ; --               ; vga_char_message_de10 ; Top            ;
; PARTITION_NETLIST_TYPE              ; -- (Not supported for targeted family) ; --               ; vga_char_message_de10 ; Top            ;
; POWER_BOARD_THERMAL_MODEL           ; None (CONSERVATIVE)                    ; --               ; --                    ; --             ;
; POWER_PRESET_COOLING_SOLUTION       ; 23 MM HEAT SINK WITH 200 LFPM AIRFLOW  ; --               ; --                    ; --             ;
; PROJECT_OUTPUT_DIRECTORY            ; output_files                           ; --               ; --                    ; --             ;
; TOP_LEVEL_ENTITY                    ; vga_char_message_de10                  ; vga_char_message ; --                    ; --             ;
; VHDL_INPUT_VERSION                  ; VHDL_2008                              ; VHDL_1993        ; --                    ; --             ;
; VHDL_SHOW_LMF_MAPPING_MESSAGES      ; Off                                    ; --               ; --                    ; --             ;
+-------------------------------------+----------------------------------------+------------------+-----------------------+----------------+


+--------------------------------------------------------------------------------------------------------------------------+
; Flow Elapsed Time                                                                                                        ;
+----------------------+--------------+-------------------------+---------------------+------------------------------------+
; Module Name          ; Elapsed Time ; Average Processors Used ; Peak Virtual Memory ; Total CPU Time (on all processors) ;
+----------------------+--------------+-------------------------+---------------------+------------------------------------+
; Analysis & Synthesis ; 00:00:17     ; 1.0                     ; 4844 MB             ; 00:00:32                           ;
; Fitter               ; 00:00:14     ; 1.1                     ; 5652 MB             ; 00:00:19                           ;
; Assembler            ; 00:00:03     ; 1.0                     ; 4700 MB             ; 00:00:03                           ;
; Timing Analyzer      ; 00:00:04     ; 1.2                     ; 4838 MB             ; 00:00:05                           ;
; EDA Netlist Writer   ; 00:00:01     ; 1.0                     ; 4679 MB             ; 00:00:01                           ;
; Total                ; 00:00:39     ; --                      ; --                  ; 00:01:00                           ;
+----------------------+--------------+-------------------------+---------------------+------------------------------------+


+------------------------------------------------------------------------------------+
; Flow OS Summary                                                                    ;
+----------------------+------------------+------------+------------+----------------+
; Module Name          ; Machine Hostname ; OS Name    ; OS Version ; Processor type ;
+----------------------+------------------+------------+------------+----------------+
; Analysis & Synthesis ; MSOE-C7216Q2     ; Windows 10 ; 10.0       ; x86_64         ;
; Fitter               ; MSOE-C7216Q2     ; Windows 10 ; 10.0       ; x86_64         ;
; Assembler            ; MSOE-C7216Q2     ; Windows 10 ; 10.0       ; x86_64         ;
; Timing Analyzer      ; MSOE-C7216Q2     ; Windows 10 ; 10.0       ; x86_64         ;
; EDA Netlist Writer   ; MSOE-C7216Q2     ; Windows 10 ; 10.0       ; x86_64         ;
+----------------------+------------------+------------+------------+----------------+


------------
; Flow Log ;
------------
quartus_map --read_settings_files=on --write_settings_files=off vga_char_message -c vga_char_message
quartus_fit --read_settings_files=off --write_settings_files=off vga_char_message -c vga_char_message
quartus_asm --read_settings_files=off --write_settings_files=off vga_char_message -c vga_char_message
quartus_sta vga_char_message -c vga_char_message
quartus_eda --read_settings_files=off --write_settings_files=off vga_char_message -c vga_char_message



