Flow report for accel_sketch
Wed Nov 07 12:11:23 2018
Quartus Prime Version 18.0.0 Build 614 04/24/2018 SJ Lite Edition


---------------------
; Table of Contents ;
---------------------
  1. Legal Notice
  2. Flow Summary
  3. Flow Settings
  4. Flow Non-Default Global Settings
  5. Flow Elapsed Time
  6. Flow OS Summary
  7. Flow Log
  8. Flow Messages
  9. Flow Suppressed Messages



----------------
; Legal Notice ;
----------------
Copyright (C) 2018  Intel Corporation. All rights reserved.
Your use of Intel Corporation's design tools, logic functions 
and other software and tools, and its AMPP partner logic 
functions, and any output files from any of the foregoing 
(including device programming or simulation files), and any 
associated documentation or information are expressly subject 
to the terms and conditions of the Intel Program License 
Subscription Agreement, the Intel Quartus Prime License Agreement,
the Intel FPGA IP License Agreement, or other applicable license
agreement, including, without limitation, that your use is for
the sole purpose of programming logic devices manufactured by
Intel and sold by Intel or its authorized distributors.  Please
refer to the applicable agreement for further details.



+----------------------------------------------------------------------------------+
; Flow Summary                                                                     ;
+------------------------------------+---------------------------------------------+
; Flow Status                        ; Successful - Wed Nov 07 12:11:12 2018       ;
; Quartus Prime Version              ; 18.0.0 Build 614 04/24/2018 SJ Lite Edition ;
; Revision Name                      ; accel_sketch                                ;
; Top-level Entity Name              ; accel_sketch_de10                           ;
; Family                             ; MAX 10                                      ;
; Device                             ; 10M50DAF484C7G                              ;
; Timing Models                      ; Final                                       ;
; Total logic elements               ; 5,929 / 49,760 ( 12 % )                     ;
;     Total combinational functions  ; 5,213 / 49,760 ( 10 % )                     ;
;     Dedicated logic registers      ; 3,623 / 49,760 ( 7 % )                      ;
; Total registers                    ; 3692                                        ;
; Total pins                         ; 119 / 360 ( 33 % )                          ;
; Total virtual pins                 ; 0                                           ;
; Total memory bits                  ; 875,456 / 1,677,312 ( 52 % )                ;
; Embedded Multiplier 9-bit elements ; 6 / 288 ( 2 % )                             ;
; Total PLLs                         ; 1 / 4 ( 25 % )                              ;
; UFM blocks                         ; 0 / 1 ( 0 % )                               ;
; ADC blocks                         ; 0 / 2 ( 0 % )                               ;
+------------------------------------+---------------------------------------------+


+-----------------------------------------+
; Flow Settings                           ;
+-------------------+---------------------+
; Option            ; Setting             ;
+-------------------+---------------------+
; Start date & time ; 11/07/2018 12:09:12 ;
; Main task         ; Compilation         ;
; Revision Name     ; accel_sketch        ;
+-------------------+---------------------+


+-------------------------------------------------------------------------------------------------------------------------------------------------------+
; Flow Non-Default Global Settings                                                                                                                      ;
+-------------------------------------+----------------------------------------------------------------+---------------+-------------------+------------+
; Assignment Name                     ; Value                                                          ; Default Value ; Entity Name       ; Section Id ;
+-------------------------------------+----------------------------------------------------------------+---------------+-------------------+------------+
; COMPILER_SIGNATURE_ID               ; 2543711158273.154161415204384                                  ; --            ; --                ; --         ;
; MAX_CORE_JUNCTION_TEMP              ; 85                                                             ; --            ; --                ; --         ;
; MIN_CORE_JUNCTION_TEMP              ; 0                                                              ; --            ; --                ; --         ;
; MISC_FILE                           ; synthesis/../accel_sketch.cmp                                  ; --            ; --                ; --         ;
; MISC_FILE                           ; synthesis/../accel_sketch.qsys                                 ; --            ; --                ; --         ;
; OUTPUT_IO_TIMING_FAR_END_VMEAS      ; Half Signal Swing                                              ; --            ; --                ; --         ;
; OUTPUT_IO_TIMING_FAR_END_VMEAS      ; Half Signal Swing                                              ; --            ; --                ; --         ;
; OUTPUT_IO_TIMING_NEAR_END_VMEAS     ; Half Vccio                                                     ; --            ; --                ; --         ;
; OUTPUT_IO_TIMING_NEAR_END_VMEAS     ; Half Vccio                                                     ; --            ; --                ; --         ;
; PARTITION_COLOR                     ; -- (Not supported for targeted family)                         ; --            ; accel_sketch_de10 ; Top        ;
; PARTITION_FITTER_PRESERVATION_LEVEL ; -- (Not supported for targeted family)                         ; --            ; accel_sketch_de10 ; Top        ;
; PARTITION_NETLIST_TYPE              ; -- (Not supported for targeted family)                         ; --            ; accel_sketch_de10 ; Top        ;
; POWER_BOARD_THERMAL_MODEL           ; None (CONSERVATIVE)                                            ; --            ; --                ; --         ;
; POWER_PRESET_COOLING_SOLUTION       ; 23 MM HEAT SINK WITH 200 LFPM AIRFLOW                          ; --            ; --                ; --         ;
; PROJECT_OUTPUT_DIRECTORY            ; output_files                                                   ; --            ; --                ; --         ;
; SLD_FILE                            ; synthesis/accel_sketch.regmap                                  ; --            ; --                ; --         ;
; SLD_FILE                            ; synthesis/accel_sketch.debuginfo                               ; --            ; --                ; --         ;
; SLD_INFO                            ; QSYS_NAME accel_sketch HAS_SOPCINFO 1 GENERATION_ID 1541614093 ; --            ; --                ; --         ;
; SOPCINFO_FILE                       ; synthesis/../accel_sketch.sopcinfo                             ; --            ; --                ; --         ;
; SYNTHESIS_ONLY_QIP                  ; On                                                             ; --            ; --                ; --         ;
; TOP_LEVEL_ENTITY                    ; accel_sketch_de10                                              ; accel_sketch  ; --                ; --         ;
; VHDL_INPUT_VERSION                  ; VHDL_2008                                                      ; VHDL_1993     ; --                ; --         ;
; VHDL_SHOW_LMF_MAPPING_MESSAGES      ; Off                                                            ; --            ; --                ; --         ;
+-------------------------------------+----------------------------------------------------------------+---------------+-------------------+------------+


+--------------------------------------------------------------------------------------------------------------------------+
; Flow Elapsed Time                                                                                                        ;
+----------------------+--------------+-------------------------+---------------------+------------------------------------+
; Module Name          ; Elapsed Time ; Average Processors Used ; Peak Virtual Memory ; Total CPU Time (on all processors) ;
+----------------------+--------------+-------------------------+---------------------+------------------------------------+
; Analysis & Synthesis ; 00:01:08     ; 1.0                     ; 5060 MB             ; 00:01:36                           ;
; Fitter               ; 00:00:38     ; 1.5                     ; 5768 MB             ; 00:01:10                           ;
; Assembler            ; 00:00:04     ; 1.0                     ; 4741 MB             ; 00:00:04                           ;
; Timing Analyzer      ; 00:00:10     ; 2.2                     ; 4932 MB             ; 00:00:20                           ;
; Total                ; 00:02:00     ; --                      ; --                  ; 00:03:10                           ;
+----------------------+--------------+-------------------------+---------------------+------------------------------------+


+------------------------------------------------------------------------------------+
; Flow OS Summary                                                                    ;
+----------------------+------------------+------------+------------+----------------+
; Module Name          ; Machine Hostname ; OS Name    ; OS Version ; Processor type ;
+----------------------+------------------+------------+------------+----------------+
; Analysis & Synthesis ; MSOE-C7216Q2     ; Windows 10 ; 10.0       ; x86_64         ;
; Fitter               ; MSOE-C7216Q2     ; Windows 10 ; 10.0       ; x86_64         ;
; Assembler            ; MSOE-C7216Q2     ; Windows 10 ; 10.0       ; x86_64         ;
; Timing Analyzer      ; MSOE-C7216Q2     ; Windows 10 ; 10.0       ; x86_64         ;
+----------------------+------------------+------------+------------+----------------+


------------
; Flow Log ;
------------
quartus_map --read_settings_files=on --write_settings_files=off accel_sketch -c accel_sketch
quartus_fit --read_settings_files=off --write_settings_files=off accel_sketch -c accel_sketch
quartus_asm --read_settings_files=off --write_settings_files=off accel_sketch -c accel_sketch
quartus_sta accel_sketch -c accel_sketch



