09:10:20 **** Incremental Build of configuration Nios II for project etch ****
make all 
Info: Building ../etch_bsp/
C:/intelFPGA_lite/18.0/nios2eds/bin/gnu/H-x86_64-mingw32/bin/make --no-print-directory -C ../etch_bsp/
[BSP build complete]
Info: Compiling etch.c to obj/default/etch.o
nios2-elf-gcc -xc -MP -MMD -c -I../etch_bsp//HAL/inc -I../etch_bsp/ -I../etch_bsp//drivers/inc  -pipe -D__hal__ -DALT_NO_INSTRUCTION_EMULATION -DALT_USE_SMALL_DRIVERS -DSMALL_C_LIB -DALT_SINGLE_THREADED    -O0 -g -Wall   -mno-hw-div -mhw-mul -mno-hw-mulx -mgpopt=global  -o obj/default/etch.o etch.c
Info: Linking etch.elf
nios2-elf-g++  -T'../etch_bsp//linker.x' -msys-crt0='../etch_bsp//obj/HAL/src/crt0.o' -msys-lib=hal_bsp -L../etch_bsp/  -msmallc  -Wl,-Map=etch.map   -O0 -g -Wall   -mno-hw-div -mhw-mul -mno-hw-mulx -mgpopt=global  -o etch.elf obj/default/etch.o -lm -msys-lib=m
nios2-elf-insert etch.elf --thread_model hal --cpu_name nios2_gen2_0 --qsys true --simulation_enabled false --id 0 --sidp 0x8041060 --timestamp 1540476164 --stderr_dev jtag_uart_0 --stdin_dev jtag_uart_0 --stdout_dev jtag_uart_0 --sopc_system_name nios_video --quartus_project_dir "C:/Users/hiemenzpe/Documents/GitHub/Digital-System-Design-Projects/Lab-5" --jdi ../..//output_files/nios_video.jdi --sopcinfo C:/Users/hiemenzpe/Documents/GitHub/Digital-System-Design-Projects/Lab-5/software/etch_bsp/../../nios_video.sopcinfo
Info: (etch.elf) 15 KBytes program size (code + initialized data).
Info:            65519 KBytes free for stack + heap.
Info: Creating etch.objdump
nios2-elf-objdump --disassemble --syms --all-header --source etch.elf >etch.objdump
[etch build complete]
09:10:31 **** Incremental Build of configuration Nios II for project etch ****
make all 
Info: Building ../etch_bsp/
C:/intelFPGA_lite/18.0/nios2eds/bin/gnu/H-x86_64-mingw32/bin/make --no-print-directory -C ../etch_bsp/
[BSP build complete]
[etch build complete]
09:13:16 **** Incremental Build of configuration Nios II for project box ****
make all 
Info: Building ../box_bsp/
C:/intelFPGA_lite/18.0/nios2eds/bin/gnu/H-x86_64-mingw32/bin/make --no-print-directory -C ../box_bsp/
[BSP build complete]
[box build complete]
09:14:12 **** Incremental Build of configuration Nios II for project etch ****
make all 
Info: Building ../etch_bsp/
C:/intelFPGA_lite/18.0/nios2eds/bin/gnu/H-x86_64-mingw32/bin/make --no-print-directory -C ../etch_bsp/
[BSP build complete]
[etch build complete]
