Analysis & Synthesis report for gcd_fsmd
Thu Sep 27 22:40:16 2018
Quartus Prime Version 18.0.0 Build 614 04/24/2018 SJ Lite Edition


---------------------
; Table of Contents ;
---------------------
  1. Legal Notice
  2. Analysis & Synthesis Summary
  3. Analysis & Synthesis Settings
  4. Parallel Compilation
  5. Analysis & Synthesis Source Files Read
  6. Analysis & Synthesis Resource Usage Summary
  7. Analysis & Synthesis Resource Utilization by Entity
  8. State Machine - |gcd_fsmd_de10|gcd_fsmd:FSMD|gcd_fsm:FSM|cstate
  9. General Register Statistics
 10. Multiplexer Restructuring Statistics (Restructuring Performed)
 11. Parameter Settings for User Entity Instance: Top-level Entity: |gcd_fsmd_de10
 12. Parameter Settings for User Entity Instance: gcd_fsmd:FSMD
 13. Parameter Settings for User Entity Instance: gcd_fsmd:FSMD|gcd_datapath:DATA
 14. Parameter Settings for Inferred Entity Instance: bin_to_dec_2bit:B_TO_D|lpm_divide:Mod0
 15. Parameter Settings for Inferred Entity Instance: bin_to_dec_2bit:B_TO_D|lpm_divide:Div0
 16. Port Connectivity Checks: "bin_to_dec_2bit:B_TO_D"
 17. Port Connectivity Checks: "clk_3Hz:CLK"
 18. Post-Synthesis Netlist Statistics for Top Partition
 19. Elapsed Time Per Partition
 20. Analysis & Synthesis Messages



----------------
; Legal Notice ;
----------------
Copyright (C) 2018  Intel Corporation. All rights reserved.
Your use of Intel Corporation's design tools, logic functions 
and other software and tools, and its AMPP partner logic 
functions, and any output files from any of the foregoing 
(including device programming or simulation files), and any 
associated documentation or information are expressly subject 
to the terms and conditions of the Intel Program License 
Subscription Agreement, the Intel Quartus Prime License Agreement,
the Intel FPGA IP License Agreement, or other applicable license
agreement, including, without limitation, that your use is for
the sole purpose of programming logic devices manufactured by
Intel and sold by Intel or its authorized distributors.  Please
refer to the applicable agreement for further details.



+----------------------------------------------------------------------------------+
; Analysis & Synthesis Summary                                                     ;
+------------------------------------+---------------------------------------------+
; Analysis & Synthesis Status        ; Successful - Thu Sep 27 22:40:16 2018       ;
; Quartus Prime Version              ; 18.0.0 Build 614 04/24/2018 SJ Lite Edition ;
; Revision Name                      ; gcd_fsmd                                    ;
; Top-level Entity Name              ; gcd_fsmd_de10                               ;
; Family                             ; MAX 10                                      ;
; Total logic elements               ; 91                                          ;
;     Total combinational functions  ; 87                                          ;
;     Dedicated logic registers      ; 46                                          ;
; Total registers                    ; 46                                          ;
; Total pins                         ; 45                                          ;
; Total virtual pins                 ; 0                                           ;
; Total memory bits                  ; 0                                           ;
; Embedded Multiplier 9-bit elements ; 0                                           ;
; Total PLLs                         ; 0                                           ;
; UFM blocks                         ; 0                                           ;
; ADC blocks                         ; 0                                           ;
+------------------------------------+---------------------------------------------+


+------------------------------------------------------------------------------------------------------------+
; Analysis & Synthesis Settings                                                                              ;
+------------------------------------------------------------------+--------------------+--------------------+
; Option                                                           ; Setting            ; Default Value      ;
+------------------------------------------------------------------+--------------------+--------------------+
; Device                                                           ; 10M50DAF484C7G     ;                    ;
; Top-level entity name                                            ; gcd_fsmd_de10      ; gcd_fsmd           ;
; Family name                                                      ; MAX 10             ; Cyclone V          ;
; VHDL Show LMF Mapping Messages                                   ; Off                ;                    ;
; VHDL Version                                                     ; VHDL_2008          ; VHDL_1993          ;
; Use smart compilation                                            ; Off                ; Off                ;
; Enable parallel Assembler and Timing Analyzer during compilation ; On                 ; On                 ;
; Enable compact report table                                      ; Off                ; Off                ;
; Restructure Multiplexers                                         ; Auto               ; Auto               ;
; Create Debugging Nodes for IP Cores                              ; Off                ; Off                ;
; Preserve fewer node names                                        ; On                 ; On                 ;
; Intel FPGA IP Evaluation Mode                                    ; Enable             ; Enable             ;
; Verilog Version                                                  ; Verilog_2001       ; Verilog_2001       ;
; State Machine Processing                                         ; Auto               ; Auto               ;
; Safe State Machine                                               ; Off                ; Off                ;
; Extract Verilog State Machines                                   ; On                 ; On                 ;
; Extract VHDL State Machines                                      ; On                 ; On                 ;
; Ignore Verilog initial constructs                                ; Off                ; Off                ;
; Iteration limit for constant Verilog loops                       ; 5000               ; 5000               ;
; Iteration limit for non-constant Verilog loops                   ; 250                ; 250                ;
; Add Pass-Through Logic to Inferred RAMs                          ; On                 ; On                 ;
; Infer RAMs from Raw Logic                                        ; On                 ; On                 ;
; Parallel Synthesis                                               ; On                 ; On                 ;
; DSP Block Balancing                                              ; Auto               ; Auto               ;
; NOT Gate Push-Back                                               ; On                 ; On                 ;
; Power-Up Don't Care                                              ; On                 ; On                 ;
; Remove Redundant Logic Cells                                     ; Off                ; Off                ;
; Remove Duplicate Registers                                       ; On                 ; On                 ;
; Ignore CARRY Buffers                                             ; Off                ; Off                ;
; Ignore CASCADE Buffers                                           ; Off                ; Off                ;
; Ignore GLOBAL Buffers                                            ; Off                ; Off                ;
; Ignore ROW GLOBAL Buffers                                        ; Off                ; Off                ;
; Ignore LCELL Buffers                                             ; Off                ; Off                ;
; Ignore SOFT Buffers                                              ; On                 ; On                 ;
; Limit AHDL Integers to 32 Bits                                   ; Off                ; Off                ;
; Optimization Technique                                           ; Balanced           ; Balanced           ;
; Carry Chain Length                                               ; 70                 ; 70                 ;
; Auto Carry Chains                                                ; On                 ; On                 ;
; Auto Open-Drain Pins                                             ; On                 ; On                 ;
; Perform WYSIWYG Primitive Resynthesis                            ; Off                ; Off                ;
; Auto ROM Replacement                                             ; On                 ; On                 ;
; Auto RAM Replacement                                             ; On                 ; On                 ;
; Auto DSP Block Replacement                                       ; On                 ; On                 ;
; Auto Shift Register Replacement                                  ; Auto               ; Auto               ;
; Allow Shift Register Merging across Hierarchies                  ; Auto               ; Auto               ;
; Auto Clock Enable Replacement                                    ; On                 ; On                 ;
; Strict RAM Replacement                                           ; Off                ; Off                ;
; Allow Synchronous Control Signals                                ; On                 ; On                 ;
; Force Use of Synchronous Clear Signals                           ; Off                ; Off                ;
; Auto RAM Block Balancing                                         ; On                 ; On                 ;
; Auto RAM to Logic Cell Conversion                                ; Off                ; Off                ;
; Auto Resource Sharing                                            ; Off                ; Off                ;
; Allow Any RAM Size For Recognition                               ; Off                ; Off                ;
; Allow Any ROM Size For Recognition                               ; Off                ; Off                ;
; Allow Any Shift Register Size For Recognition                    ; Off                ; Off                ;
; Use LogicLock Constraints during Resource Balancing              ; On                 ; On                 ;
; Ignore translate_off and synthesis_off directives                ; Off                ; Off                ;
; Timing-Driven Synthesis                                          ; On                 ; On                 ;
; Report Parameter Settings                                        ; On                 ; On                 ;
; Report Source Assignments                                        ; On                 ; On                 ;
; Report Connectivity Checks                                       ; On                 ; On                 ;
; Ignore Maximum Fan-Out Assignments                               ; Off                ; Off                ;
; Synchronization Register Chain Length                            ; 2                  ; 2                  ;
; Power Optimization During Synthesis                              ; Normal compilation ; Normal compilation ;
; HDL message level                                                ; Level2             ; Level2             ;
; Suppress Register Optimization Related Messages                  ; Off                ; Off                ;
; Number of Removed Registers Reported in Synthesis Report         ; 5000               ; 5000               ;
; Number of Swept Nodes Reported in Synthesis Report               ; 5000               ; 5000               ;
; Number of Inverted Registers Reported in Synthesis Report        ; 100                ; 100                ;
; Clock MUX Protection                                             ; On                 ; On                 ;
; Auto Gated Clock Conversion                                      ; Off                ; Off                ;
; Block Design Naming                                              ; Auto               ; Auto               ;
; SDC constraint protection                                        ; Off                ; Off                ;
; Synthesis Effort                                                 ; Auto               ; Auto               ;
; Shift Register Replacement - Allow Asynchronous Clear Signal     ; On                 ; On                 ;
; Pre-Mapping Resynthesis Optimization                             ; Off                ; Off                ;
; Analysis & Synthesis Message Level                               ; Medium             ; Medium             ;
; Disable Register Merging Across Hierarchies                      ; Auto               ; Auto               ;
; Resource Aware Inference For Block RAM                           ; On                 ; On                 ;
+------------------------------------------------------------------+--------------------+--------------------+


+------------------------------------------+
; Parallel Compilation                     ;
+----------------------------+-------------+
; Processors                 ; Number      ;
+----------------------------+-------------+
; Number detected on machine ; 8           ;
; Maximum allowed            ; 4           ;
;                            ;             ;
; Average used               ; 1.00        ;
; Maximum used               ; 4           ;
;                            ;             ;
; Usage by Processor         ; % Time Used ;
;     Processor 1            ; 100.0%      ;
;     Processors 2-4         ;   0.0%      ;
+----------------------------+-------------+


+-------------------------------------------------------------------------------------------------------------------------------------------------------------------------------------------------------+
; Analysis & Synthesis Source Files Read                                                                                                                                                                ;
+----------------------------------+-----------------+------------------------------+---------------------------------------------------------------------------------------------------------+---------+
; File Name with User-Entered Path ; Used in Netlist ; File Type                    ; File Name with Absolute Path                                                                            ; Library ;
+----------------------------------+-----------------+------------------------------+---------------------------------------------------------------------------------------------------------+---------+
; gcd_fsmd.vhdl                    ; yes             ; User VHDL File               ; C:/Users/hiemenzpe/Documents/GitHub/Digital-System-Design-Projects/Lab 2/gcd/gcd_fsmd.vhdl              ;         ;
; gcd_datapath.vhdl                ; yes             ; User VHDL File               ; C:/Users/hiemenzpe/Documents/GitHub/Digital-System-Design-Projects/Lab 2/gcd/gcd_datapath.vhdl          ;         ;
; clk_3Hz.vhdl                     ; yes             ; User VHDL File               ; C:/Users/hiemenzpe/Documents/GitHub/Digital-System-Design-Projects/Lab 2/gcd/clk_3Hz.vhdl               ;         ;
; gcd_fsm.vhdl                     ; yes             ; User VHDL File               ; C:/Users/hiemenzpe/Documents/GitHub/Digital-System-Design-Projects/Lab 2/gcd/gcd_fsm.vhdl               ;         ;
; gcd_fsmd_de10.vhdl               ; yes             ; User VHDL File               ; C:/Users/hiemenzpe/Documents/GitHub/Digital-System-Design-Projects/Lab 2/gcd/gcd_fsmd_de10.vhdl         ;         ;
; bin_to_dec_2bit.vhdl             ; yes             ; User VHDL File               ; C:/Users/hiemenzpe/Documents/GitHub/Digital-System-Design-Projects/Lab 2/gcd/bin_to_dec_2bit.vhdl       ;         ;
; sevenseg_hex1.vhdl               ; yes             ; User VHDL File               ; C:/Users/hiemenzpe/Documents/GitHub/Digital-System-Design-Projects/Lab 2/gcd/sevenseg_hex1.vhdl         ;         ;
; lpm_divide.tdf                   ; yes             ; Megafunction                 ; c:/intelfpga_lite/18.0/quartus/libraries/megafunctions/lpm_divide.tdf                                   ;         ;
; abs_divider.inc                  ; yes             ; Megafunction                 ; c:/intelfpga_lite/18.0/quartus/libraries/megafunctions/abs_divider.inc                                  ;         ;
; sign_div_unsign.inc              ; yes             ; Megafunction                 ; c:/intelfpga_lite/18.0/quartus/libraries/megafunctions/sign_div_unsign.inc                              ;         ;
; aglobal180.inc                   ; yes             ; Megafunction                 ; c:/intelfpga_lite/18.0/quartus/libraries/megafunctions/aglobal180.inc                                   ;         ;
; db/lpm_divide_ekl.tdf            ; yes             ; Auto-Generated Megafunction  ; C:/Users/hiemenzpe/Documents/GitHub/Digital-System-Design-Projects/Lab 2/gcd/db/lpm_divide_ekl.tdf      ;         ;
; db/sign_div_unsign_dkh.tdf       ; yes             ; Auto-Generated Megafunction  ; C:/Users/hiemenzpe/Documents/GitHub/Digital-System-Design-Projects/Lab 2/gcd/db/sign_div_unsign_dkh.tdf ;         ;
; db/alt_u_div_4fe.tdf             ; yes             ; Auto-Generated Megafunction  ; C:/Users/hiemenzpe/Documents/GitHub/Digital-System-Design-Projects/Lab 2/gcd/db/alt_u_div_4fe.tdf       ;         ;
; db/add_sub_t3c.tdf               ; yes             ; Auto-Generated Megafunction  ; C:/Users/hiemenzpe/Documents/GitHub/Digital-System-Design-Projects/Lab 2/gcd/db/add_sub_t3c.tdf         ;         ;
; db/add_sub_u3c.tdf               ; yes             ; Auto-Generated Megafunction  ; C:/Users/hiemenzpe/Documents/GitHub/Digital-System-Design-Projects/Lab 2/gcd/db/add_sub_u3c.tdf         ;         ;
; db/lpm_divide_8sl.tdf            ; yes             ; Auto-Generated Megafunction  ; C:/Users/hiemenzpe/Documents/GitHub/Digital-System-Design-Projects/Lab 2/gcd/db/lpm_divide_8sl.tdf      ;         ;
; db/sign_div_unsign_akh.tdf       ; yes             ; Auto-Generated Megafunction  ; C:/Users/hiemenzpe/Documents/GitHub/Digital-System-Design-Projects/Lab 2/gcd/db/sign_div_unsign_akh.tdf ;         ;
; db/alt_u_div_uee.tdf             ; yes             ; Auto-Generated Megafunction  ; C:/Users/hiemenzpe/Documents/GitHub/Digital-System-Design-Projects/Lab 2/gcd/db/alt_u_div_uee.tdf       ;         ;
+----------------------------------+-----------------+------------------------------+---------------------------------------------------------------------------------------------------------+---------+


+-------------------------------------------------------------------+
; Analysis & Synthesis Resource Usage Summary                       ;
+---------------------------------------------+---------------------+
; Resource                                    ; Usage               ;
+---------------------------------------------+---------------------+
; Estimated Total logic elements              ; 91                  ;
;                                             ;                     ;
; Total combinational functions               ; 87                  ;
; Logic element usage by number of LUT inputs ;                     ;
;     -- 4 input functions                    ; 28                  ;
;     -- 3 input functions                    ; 16                  ;
;     -- <=2 input functions                  ; 43                  ;
;                                             ;                     ;
; Logic elements by mode                      ;                     ;
;     -- normal mode                          ; 43                  ;
;     -- arithmetic mode                      ; 44                  ;
;                                             ;                     ;
; Total registers                             ; 46                  ;
;     -- Dedicated logic registers            ; 46                  ;
;     -- I/O registers                        ; 0                   ;
;                                             ;                     ;
; I/O pins                                    ; 45                  ;
;                                             ;                     ;
; Embedded Multiplier 9-bit elements          ; 0                   ;
;                                             ;                     ;
; Maximum fan-out node                        ; clk_3Hz:CLK|cnt[24] ;
; Maximum fan-out                             ; 27                  ;
; Total fan-out                               ; 478                 ;
; Average fan-out                             ; 2.14                ;
+---------------------------------------------+---------------------+


+-----------------------------------------------------------------------------------------------------------------------------------------------------------------------------------------------------------------------------------------------------------------------------------------------------------------------------------------------------------------------------+
; Analysis & Synthesis Resource Utilization by Entity                                                                                                                                                                                                                                                                                                                         ;
+-------------------------------------------+---------------------+---------------------------+-------------+------------+--------------+---------+-----------+------+--------------+------------+---------------------------------------------------------------------------------------------------------------------------------------+---------------------+--------------+
; Compilation Hierarchy Node                ; Combinational ALUTs ; Dedicated Logic Registers ; Memory Bits ; UFM Blocks ; DSP Elements ; DSP 9x9 ; DSP 18x18 ; Pins ; Virtual Pins ; ADC blocks ; Full Hierarchy Name                                                                                                                   ; Entity Name         ; Library Name ;
+-------------------------------------------+---------------------+---------------------------+-------------+------------+--------------+---------+-----------+------+--------------+------------+---------------------------------------------------------------------------------------------------------------------------------------+---------------------+--------------+
; |gcd_fsmd_de10                            ; 87 (1)              ; 46 (0)                    ; 0           ; 0          ; 0            ; 0       ; 0         ; 45   ; 0            ; 0          ; |gcd_fsmd_de10                                                                                                                        ; gcd_fsmd_de10       ; work         ;
;    |bin_to_dec_2bit:B_TO_D|               ; 15 (0)              ; 0 (0)                     ; 0           ; 0          ; 0            ; 0       ; 0         ; 0    ; 0            ; 0          ; |gcd_fsmd_de10|bin_to_dec_2bit:B_TO_D                                                                                                 ; bin_to_dec_2bit     ; work         ;
;       |lpm_divide:Div0|                   ; 5 (0)               ; 0 (0)                     ; 0           ; 0          ; 0            ; 0       ; 0         ; 0    ; 0            ; 0          ; |gcd_fsmd_de10|bin_to_dec_2bit:B_TO_D|lpm_divide:Div0                                                                                 ; lpm_divide          ; work         ;
;          |lpm_divide_8sl:auto_generated|  ; 5 (0)               ; 0 (0)                     ; 0           ; 0          ; 0            ; 0       ; 0         ; 0    ; 0            ; 0          ; |gcd_fsmd_de10|bin_to_dec_2bit:B_TO_D|lpm_divide:Div0|lpm_divide_8sl:auto_generated                                                   ; lpm_divide_8sl      ; work         ;
;             |sign_div_unsign_akh:divider| ; 5 (0)               ; 0 (0)                     ; 0           ; 0          ; 0            ; 0       ; 0         ; 0    ; 0            ; 0          ; |gcd_fsmd_de10|bin_to_dec_2bit:B_TO_D|lpm_divide:Div0|lpm_divide_8sl:auto_generated|sign_div_unsign_akh:divider                       ; sign_div_unsign_akh ; work         ;
;                |alt_u_div_uee:divider|    ; 5 (5)               ; 0 (0)                     ; 0           ; 0          ; 0            ; 0       ; 0         ; 0    ; 0            ; 0          ; |gcd_fsmd_de10|bin_to_dec_2bit:B_TO_D|lpm_divide:Div0|lpm_divide_8sl:auto_generated|sign_div_unsign_akh:divider|alt_u_div_uee:divider ; alt_u_div_uee       ; work         ;
;       |lpm_divide:Mod0|                   ; 10 (0)              ; 0 (0)                     ; 0           ; 0          ; 0            ; 0       ; 0         ; 0    ; 0            ; 0          ; |gcd_fsmd_de10|bin_to_dec_2bit:B_TO_D|lpm_divide:Mod0                                                                                 ; lpm_divide          ; work         ;
;          |lpm_divide_ekl:auto_generated|  ; 10 (0)              ; 0 (0)                     ; 0           ; 0          ; 0            ; 0       ; 0         ; 0    ; 0            ; 0          ; |gcd_fsmd_de10|bin_to_dec_2bit:B_TO_D|lpm_divide:Mod0|lpm_divide_ekl:auto_generated                                                   ; lpm_divide_ekl      ; work         ;
;             |sign_div_unsign_dkh:divider| ; 10 (0)              ; 0 (0)                     ; 0           ; 0          ; 0            ; 0       ; 0         ; 0    ; 0            ; 0          ; |gcd_fsmd_de10|bin_to_dec_2bit:B_TO_D|lpm_divide:Mod0|lpm_divide_ekl:auto_generated|sign_div_unsign_dkh:divider                       ; sign_div_unsign_dkh ; work         ;
;                |alt_u_div_4fe:divider|    ; 10 (10)             ; 0 (0)                     ; 0           ; 0          ; 0            ; 0       ; 0         ; 0    ; 0            ; 0          ; |gcd_fsmd_de10|bin_to_dec_2bit:B_TO_D|lpm_divide:Mod0|lpm_divide_ekl:auto_generated|sign_div_unsign_dkh:divider|alt_u_div_4fe:divider ; alt_u_div_4fe       ; work         ;
;    |clk_3Hz:CLK|                          ; 26 (26)             ; 26 (26)                   ; 0           ; 0          ; 0            ; 0       ; 0         ; 0    ; 0            ; 0          ; |gcd_fsmd_de10|clk_3Hz:CLK                                                                                                            ; clk_3Hz             ; work         ;
;    |gcd_fsmd:FSMD|                        ; 24 (0)              ; 20 (4)                    ; 0           ; 0          ; 0            ; 0       ; 0         ; 0    ; 0            ; 0          ; |gcd_fsmd_de10|gcd_fsmd:FSMD                                                                                                          ; gcd_fsmd            ; work         ;
;       |gcd_datapath:DATA|                 ; 21 (21)             ; 13 (13)                   ; 0           ; 0          ; 0            ; 0       ; 0         ; 0    ; 0            ; 0          ; |gcd_fsmd_de10|gcd_fsmd:FSMD|gcd_datapath:DATA                                                                                        ; gcd_datapath        ; work         ;
;       |gcd_fsm:FSM|                       ; 3 (3)               ; 3 (3)                     ; 0           ; 0          ; 0            ; 0       ; 0         ; 0    ; 0            ; 0          ; |gcd_fsmd_de10|gcd_fsmd:FSMD|gcd_fsm:FSM                                                                                              ; gcd_fsm             ; work         ;
;    |sevenseg_hex1:SEG0|                   ; 7 (7)               ; 0 (0)                     ; 0           ; 0          ; 0            ; 0       ; 0         ; 0    ; 0            ; 0          ; |gcd_fsmd_de10|sevenseg_hex1:SEG0                                                                                                     ; sevenseg_hex1       ; work         ;
;    |sevenseg_hex1:SEG2|                   ; 7 (7)               ; 0 (0)                     ; 0           ; 0          ; 0            ; 0       ; 0         ; 0    ; 0            ; 0          ; |gcd_fsmd_de10|sevenseg_hex1:SEG2                                                                                                     ; sevenseg_hex1       ; work         ;
;    |sevenseg_hex1:SEG4|                   ; 7 (7)               ; 0 (0)                     ; 0           ; 0          ; 0            ; 0       ; 0         ; 0    ; 0            ; 0          ; |gcd_fsmd_de10|sevenseg_hex1:SEG4                                                                                                     ; sevenseg_hex1       ; work         ;
+-------------------------------------------+---------------------+---------------------------+-------------+------------+--------------+---------+-----------+------+--------------+------------+---------------------------------------------------------------------------------------------------------------------------------------+---------------------+--------------+
Note: For table entries with two numbers listed, the numbers in parentheses indicate the number of resources of the given type used by the specific entity alone. The numbers listed outside of parentheses indicate the total resources of the given type used by the specific entity and all of its sub-entities in the hierarchy.


Encoding Type:  One-Hot
+------------------------------------------------------------------+
; State Machine - |gcd_fsmd_de10|gcd_fsmd:FSMD|gcd_fsm:FSM|cstate  ;
+-----------------+-----------------+----------------+-------------+
; Name            ; cstate.complete ; cstate.running ; cstate.idle ;
+-----------------+-----------------+----------------+-------------+
; cstate.idle     ; 0               ; 0              ; 0           ;
; cstate.running  ; 0               ; 1              ; 1           ;
; cstate.complete ; 1               ; 0              ; 1           ;
+-----------------+-----------------+----------------+-------------+


+------------------------------------------------------+
; General Register Statistics                          ;
+----------------------------------------------+-------+
; Statistic                                    ; Value ;
+----------------------------------------------+-------+
; Total registers                              ; 46    ;
; Number of registers using Synchronous Clear  ; 0     ;
; Number of registers using Synchronous Load   ; 37    ;
; Number of registers using Asynchronous Clear ; 7     ;
; Number of registers using Asynchronous Load  ; 0     ;
; Number of registers using Clock Enable       ; 12    ;
; Number of registers using Preset             ; 0     ;
+----------------------------------------------+-------+


+-------------------------------------------------------------------------------------------------------------------------------------------------------------------+
; Multiplexer Restructuring Statistics (Restructuring Performed)                                                                                                    ;
+--------------------+-----------+---------------+----------------------+------------------------+------------+-----------------------------------------------------+
; Multiplexer Inputs ; Bus Width ; Baseline Area ; Area if Restructured ; Saving if Restructured ; Registered ; Example Multiplexer Output                          ;
+--------------------+-----------+---------------+----------------------+------------------------+------------+-----------------------------------------------------+
; 3:1                ; 4 bits    ; 8 LEs         ; 4 LEs                ; 4 LEs                  ; Yes        ; |gcd_fsmd_de10|gcd_fsmd:FSMD|gcd_datapath:DATA|A[3] ;
; 3:1                ; 4 bits    ; 8 LEs         ; 4 LEs                ; 4 LEs                  ; Yes        ; |gcd_fsmd_de10|gcd_fsmd:FSMD|gcd_datapath:DATA|B[2] ;
+--------------------+-----------+---------------+----------------------+------------------------+------------+-----------------------------------------------------+


+-------------------------------------------------------------------------------+
; Parameter Settings for User Entity Instance: Top-level Entity: |gcd_fsmd_de10 ;
+----------------+-------+------------------------------------------------------+
; Parameter Name ; Value ; Type                                                 ;
+----------------+-------+------------------------------------------------------+
; N              ; 4     ; Signed Integer                                       ;
+----------------+-------+------------------------------------------------------+
Note: In order to hide this table in the UI and the text report file, please set the "Show Parameter Settings in Synthesis Report" option in "Analysis and Synthesis Settings -> More Settings" to "Off".


+------------------------------------------------------------+
; Parameter Settings for User Entity Instance: gcd_fsmd:FSMD ;
+----------------+-------+-----------------------------------+
; Parameter Name ; Value ; Type                              ;
+----------------+-------+-----------------------------------+
; N              ; 4     ; Signed Integer                    ;
+----------------+-------+-----------------------------------+
Note: In order to hide this table in the UI and the text report file, please set the "Show Parameter Settings in Synthesis Report" option in "Analysis and Synthesis Settings -> More Settings" to "Off".


+------------------------------------------------------------------------------+
; Parameter Settings for User Entity Instance: gcd_fsmd:FSMD|gcd_datapath:DATA ;
+----------------+-------+-----------------------------------------------------+
; Parameter Name ; Value ; Type                                                ;
+----------------+-------+-----------------------------------------------------+
; n              ; 4     ; Signed Integer                                      ;
+----------------+-------+-----------------------------------------------------+
Note: In order to hide this table in the UI and the text report file, please set the "Show Parameter Settings in Synthesis Report" option in "Analysis and Synthesis Settings -> More Settings" to "Off".


+-----------------------------------------------------------------------------------------+
; Parameter Settings for Inferred Entity Instance: bin_to_dec_2bit:B_TO_D|lpm_divide:Mod0 ;
+------------------------+----------------+-----------------------------------------------+
; Parameter Name         ; Value          ; Type                                          ;
+------------------------+----------------+-----------------------------------------------+
; LPM_WIDTHN             ; 7              ; Untyped                                       ;
; LPM_WIDTHD             ; 7              ; Untyped                                       ;
; LPM_NREPRESENTATION    ; UNSIGNED       ; Untyped                                       ;
; LPM_DREPRESENTATION    ; UNSIGNED       ; Untyped                                       ;
; LPM_PIPELINE           ; 0              ; Untyped                                       ;
; LPM_REMAINDERPOSITIVE  ; TRUE           ; Untyped                                       ;
; MAXIMIZE_SPEED         ; 5              ; Untyped                                       ;
; CBXI_PARAMETER         ; lpm_divide_ekl ; Untyped                                       ;
; CARRY_CHAIN            ; MANUAL         ; Untyped                                       ;
; OPTIMIZE_FOR_SPEED     ; 5              ; Untyped                                       ;
; AUTO_CARRY_CHAINS      ; ON             ; AUTO_CARRY                                    ;
; IGNORE_CARRY_BUFFERS   ; OFF            ; IGNORE_CARRY                                  ;
; AUTO_CASCADE_CHAINS    ; ON             ; AUTO_CASCADE                                  ;
; IGNORE_CASCADE_BUFFERS ; OFF            ; IGNORE_CASCADE                                ;
+------------------------+----------------+-----------------------------------------------+
Note: In order to hide this table in the UI and the text report file, please set the "Show Parameter Settings in Synthesis Report" option in "Analysis and Synthesis Settings -> More Settings" to "Off".


+-----------------------------------------------------------------------------------------+
; Parameter Settings for Inferred Entity Instance: bin_to_dec_2bit:B_TO_D|lpm_divide:Div0 ;
+------------------------+----------------+-----------------------------------------------+
; Parameter Name         ; Value          ; Type                                          ;
+------------------------+----------------+-----------------------------------------------+
; LPM_WIDTHN             ; 7              ; Untyped                                       ;
; LPM_WIDTHD             ; 4              ; Untyped                                       ;
; LPM_NREPRESENTATION    ; UNSIGNED       ; Untyped                                       ;
; LPM_DREPRESENTATION    ; UNSIGNED       ; Untyped                                       ;
; LPM_PIPELINE           ; 0              ; Untyped                                       ;
; LPM_REMAINDERPOSITIVE  ; TRUE           ; Untyped                                       ;
; MAXIMIZE_SPEED         ; 5              ; Untyped                                       ;
; CBXI_PARAMETER         ; lpm_divide_8sl ; Untyped                                       ;
; CARRY_CHAIN            ; MANUAL         ; Untyped                                       ;
; OPTIMIZE_FOR_SPEED     ; 5              ; Untyped                                       ;
; AUTO_CARRY_CHAINS      ; ON             ; AUTO_CARRY                                    ;
; IGNORE_CARRY_BUFFERS   ; OFF            ; IGNORE_CARRY                                  ;
; AUTO_CASCADE_CHAINS    ; ON             ; AUTO_CASCADE                                  ;
; IGNORE_CASCADE_BUFFERS ; OFF            ; IGNORE_CASCADE                                ;
+------------------------+----------------+-----------------------------------------------+
Note: In order to hide this table in the UI and the text report file, please set the "Show Parameter Settings in Synthesis Report" option in "Analysis and Synthesis Settings -> More Settings" to "Off".


+----------------------------------------------------+
; Port Connectivity Checks: "bin_to_dec_2bit:B_TO_D" ;
+--------------+-------+----------+------------------+
; Port         ; Type  ; Severity ; Details          ;
+--------------+-------+----------+------------------+
; bin_in[6..4] ; Input ; Info     ; Stuck at GND     ;
+--------------+-------+----------+------------------+


+-----------------------------------------+
; Port Connectivity Checks: "clk_3Hz:CLK" ;
+------+-------+----------+---------------+
; Port ; Type  ; Severity ; Details       ;
+------+-------+----------+---------------+
; rstb ; Input ; Info     ; Stuck at VCC  ;
+------+-------+----------+---------------+


+-----------------------------------------------------+
; Post-Synthesis Netlist Statistics for Top Partition ;
+-----------------------+-----------------------------+
; Type                  ; Count                       ;
+-----------------------+-----------------------------+
; boundary_port         ; 45                          ;
; cycloneiii_ff         ; 46                          ;
;     CLR               ; 7                           ;
;     ENA SLD           ; 12                          ;
;     SLD               ; 25                          ;
;     plain             ; 2                           ;
; cycloneiii_lcell_comb ; 93                          ;
;     arith             ; 44                          ;
;         1 data inputs ; 4                           ;
;         2 data inputs ; 30                          ;
;         3 data inputs ; 10                          ;
;     normal            ; 49                          ;
;         0 data inputs ; 5                           ;
;         1 data inputs ; 6                           ;
;         2 data inputs ; 4                           ;
;         3 data inputs ; 6                           ;
;         4 data inputs ; 28                          ;
;                       ;                             ;
; Max LUT depth         ; 4.60                        ;
; Average LUT depth     ; 2.31                        ;
+-----------------------+-----------------------------+


+-------------------------------+
; Elapsed Time Per Partition    ;
+----------------+--------------+
; Partition Name ; Elapsed Time ;
+----------------+--------------+
; Top            ; 00:00:01     ;
+----------------+--------------+


+-------------------------------+
; Analysis & Synthesis Messages ;
+-------------------------------+
Info: *******************************************************************
Info: Running Quartus Prime Analysis & Synthesis
    Info: Version 18.0.0 Build 614 04/24/2018 SJ Lite Edition
    Info: Processing started: Thu Sep 27 22:40:02 2018
Info: Command: quartus_map --read_settings_files=on --write_settings_files=off gcd_fsmd -c gcd_fsmd
Warning (18236): Number of processors has not been specified which may cause overloading on shared machines.  Set the global assignment NUM_PARALLEL_PROCESSORS in your QSF to an appropriate value for best performance.
Info (20030): Parallel compilation is enabled and will use 4 of the 4 processors detected
Info (12021): Found 2 design units, including 1 entities, in source file gcd_fsmd.vhdl
    Info (12022): Found design unit 1: gcd_fsmd-behavioral File: C:/Users/hiemenzpe/Documents/GitHub/Digital-System-Design-Projects/Lab 2/gcd/gcd_fsmd.vhdl Line: 29
    Info (12023): Found entity 1: gcd_fsmd File: C:/Users/hiemenzpe/Documents/GitHub/Digital-System-Design-Projects/Lab 2/gcd/gcd_fsmd.vhdl Line: 12
Info (12021): Found 2 design units, including 1 entities, in source file gcd_datapath.vhdl
    Info (12022): Found design unit 1: gcd_datapath-behavioral File: C:/Users/hiemenzpe/Documents/GitHub/Digital-System-Design-Projects/Lab 2/gcd/gcd_datapath.vhdl Line: 28
    Info (12023): Found entity 1: gcd_datapath File: C:/Users/hiemenzpe/Documents/GitHub/Digital-System-Design-Projects/Lab 2/gcd/gcd_datapath.vhdl Line: 13
Info (12021): Found 2 design units, including 1 entities, in source file clk_3hz.vhdl
    Info (12022): Found design unit 1: clk_3Hz-behavioral File: C:/Users/hiemenzpe/Documents/GitHub/Digital-System-Design-Projects/Lab 2/gcd/clk_3Hz.vhdl Line: 41
    Info (12023): Found entity 1: clk_3Hz File: C:/Users/hiemenzpe/Documents/GitHub/Digital-System-Design-Projects/Lab 2/gcd/clk_3Hz.vhdl Line: 33
Info (12021): Found 2 design units, including 1 entities, in source file gcd_fsm.vhdl
    Info (12022): Found design unit 1: gcd_fsm-behavioral File: C:/Users/hiemenzpe/Documents/GitHub/Digital-System-Design-Projects/Lab 2/gcd/gcd_fsm.vhdl Line: 23
    Info (12023): Found entity 1: gcd_fsm File: C:/Users/hiemenzpe/Documents/GitHub/Digital-System-Design-Projects/Lab 2/gcd/gcd_fsm.vhdl Line: 11
Info (12021): Found 2 design units, including 1 entities, in source file gcd_fsmd_de10.vhdl
    Info (12022): Found design unit 1: gcd_fsmd_de10-behavioral File: C:/Users/hiemenzpe/Documents/GitHub/Digital-System-Design-Projects/Lab 2/gcd/gcd_fsmd_de10.vhdl Line: 28
    Info (12023): Found entity 1: gcd_fsmd_de10 File: C:/Users/hiemenzpe/Documents/GitHub/Digital-System-Design-Projects/Lab 2/gcd/gcd_fsmd_de10.vhdl Line: 12
Info (12021): Found 2 design units, including 1 entities, in source file bin_to_dec_2bit.vhdl
    Info (12022): Found design unit 1: bin_to_dec_2bit-behavioral File: C:/Users/hiemenzpe/Documents/GitHub/Digital-System-Design-Projects/Lab 2/gcd/bin_to_dec_2bit.vhdl Line: 22
    Info (12023): Found entity 1: bin_to_dec_2bit File: C:/Users/hiemenzpe/Documents/GitHub/Digital-System-Design-Projects/Lab 2/gcd/bin_to_dec_2bit.vhdl Line: 14
Info (12021): Found 2 design units, including 1 entities, in source file sevenseg_hex1.vhdl
    Info (12022): Found design unit 1: sevenseg_hex1-behavioral File: C:/Users/hiemenzpe/Documents/GitHub/Digital-System-Design-Projects/Lab 2/gcd/sevenseg_hex1.vhdl Line: 19
    Info (12023): Found entity 1: sevenseg_hex1 File: C:/Users/hiemenzpe/Documents/GitHub/Digital-System-Design-Projects/Lab 2/gcd/sevenseg_hex1.vhdl Line: 12
Info (12021): Found 2 design units, including 1 entities, in source file gcd_fsmd_tb.vhdl
    Info (12022): Found design unit 1: gcd_fsmd_tb-testbench File: C:/Users/hiemenzpe/Documents/GitHub/Digital-System-Design-Projects/Lab 2/gcd/gcd_fsmd_tb.vhdl Line: 14
    Info (12023): Found entity 1: gcd_fsmd_tb File: C:/Users/hiemenzpe/Documents/GitHub/Digital-System-Design-Projects/Lab 2/gcd/gcd_fsmd_tb.vhdl Line: 11
Info (12127): Elaborating entity "gcd_fsmd_de10" for the top level hierarchy
Info (12128): Elaborating entity "clk_3Hz" for hierarchy "clk_3Hz:CLK" File: C:/Users/hiemenzpe/Documents/GitHub/Digital-System-Design-Projects/Lab 2/gcd/gcd_fsmd_de10.vhdl Line: 80
Info (12128): Elaborating entity "gcd_fsmd" for hierarchy "gcd_fsmd:FSMD" File: C:/Users/hiemenzpe/Documents/GitHub/Digital-System-Design-Projects/Lab 2/gcd/gcd_fsmd_de10.vhdl Line: 88
Info (12128): Elaborating entity "gcd_fsm" for hierarchy "gcd_fsmd:FSMD|gcd_fsm:FSM" File: C:/Users/hiemenzpe/Documents/GitHub/Digital-System-Design-Projects/Lab 2/gcd/gcd_fsmd.vhdl Line: 67
Info (12128): Elaborating entity "gcd_datapath" for hierarchy "gcd_fsmd:FSMD|gcd_datapath:DATA" File: C:/Users/hiemenzpe/Documents/GitHub/Digital-System-Design-Projects/Lab 2/gcd/gcd_fsmd.vhdl Line: 78
Info (12128): Elaborating entity "bin_to_dec_2bit" for hierarchy "bin_to_dec_2bit:B_TO_D" File: C:/Users/hiemenzpe/Documents/GitHub/Digital-System-Design-Projects/Lab 2/gcd/gcd_fsmd_de10.vhdl Line: 103
Info (12128): Elaborating entity "sevenseg_hex1" for hierarchy "sevenseg_hex1:SEG0" File: C:/Users/hiemenzpe/Documents/GitHub/Digital-System-Design-Projects/Lab 2/gcd/gcd_fsmd_de10.vhdl Line: 111
Info (278001): Inferred 2 megafunctions from design logic
    Info (278004): Inferred divider/modulo megafunction ("lpm_divide") from the following logic: "bin_to_dec_2bit:B_TO_D|Mod0" File: C:/Users/hiemenzpe/Documents/GitHub/Digital-System-Design-Projects/Lab 2/gcd/bin_to_dec_2bit.vhdl Line: 35
    Info (278004): Inferred divider/modulo megafunction ("lpm_divide") from the following logic: "bin_to_dec_2bit:B_TO_D|Div0" File: C:/Users/hiemenzpe/Documents/GitHub/Digital-System-Design-Projects/Lab 2/gcd/bin_to_dec_2bit.vhdl Line: 38
Info (12130): Elaborated megafunction instantiation "bin_to_dec_2bit:B_TO_D|lpm_divide:Mod0" File: C:/Users/hiemenzpe/Documents/GitHub/Digital-System-Design-Projects/Lab 2/gcd/bin_to_dec_2bit.vhdl Line: 35
Info (12133): Instantiated megafunction "bin_to_dec_2bit:B_TO_D|lpm_divide:Mod0" with the following parameter: File: C:/Users/hiemenzpe/Documents/GitHub/Digital-System-Design-Projects/Lab 2/gcd/bin_to_dec_2bit.vhdl Line: 35
    Info (12134): Parameter "LPM_WIDTHN" = "7"
    Info (12134): Parameter "LPM_WIDTHD" = "7"
    Info (12134): Parameter "LPM_NREPRESENTATION" = "UNSIGNED"
    Info (12134): Parameter "LPM_DREPRESENTATION" = "UNSIGNED"
Info (12021): Found 1 design units, including 1 entities, in source file db/lpm_divide_ekl.tdf
    Info (12023): Found entity 1: lpm_divide_ekl File: C:/Users/hiemenzpe/Documents/GitHub/Digital-System-Design-Projects/Lab 2/gcd/db/lpm_divide_ekl.tdf Line: 24
Info (12021): Found 1 design units, including 1 entities, in source file db/sign_div_unsign_dkh.tdf
    Info (12023): Found entity 1: sign_div_unsign_dkh File: C:/Users/hiemenzpe/Documents/GitHub/Digital-System-Design-Projects/Lab 2/gcd/db/sign_div_unsign_dkh.tdf Line: 24
Info (12021): Found 1 design units, including 1 entities, in source file db/alt_u_div_4fe.tdf
    Info (12023): Found entity 1: alt_u_div_4fe File: C:/Users/hiemenzpe/Documents/GitHub/Digital-System-Design-Projects/Lab 2/gcd/db/alt_u_div_4fe.tdf Line: 26
Info (12021): Found 1 design units, including 1 entities, in source file db/add_sub_t3c.tdf
    Info (12023): Found entity 1: add_sub_t3c File: C:/Users/hiemenzpe/Documents/GitHub/Digital-System-Design-Projects/Lab 2/gcd/db/add_sub_t3c.tdf Line: 22
Info (12021): Found 1 design units, including 1 entities, in source file db/add_sub_u3c.tdf
    Info (12023): Found entity 1: add_sub_u3c File: C:/Users/hiemenzpe/Documents/GitHub/Digital-System-Design-Projects/Lab 2/gcd/db/add_sub_u3c.tdf Line: 22
Info (12130): Elaborated megafunction instantiation "bin_to_dec_2bit:B_TO_D|lpm_divide:Div0" File: C:/Users/hiemenzpe/Documents/GitHub/Digital-System-Design-Projects/Lab 2/gcd/bin_to_dec_2bit.vhdl Line: 38
Info (12133): Instantiated megafunction "bin_to_dec_2bit:B_TO_D|lpm_divide:Div0" with the following parameter: File: C:/Users/hiemenzpe/Documents/GitHub/Digital-System-Design-Projects/Lab 2/gcd/bin_to_dec_2bit.vhdl Line: 38
    Info (12134): Parameter "LPM_WIDTHN" = "7"
    Info (12134): Parameter "LPM_WIDTHD" = "4"
    Info (12134): Parameter "LPM_NREPRESENTATION" = "UNSIGNED"
    Info (12134): Parameter "LPM_DREPRESENTATION" = "UNSIGNED"
Info (12021): Found 1 design units, including 1 entities, in source file db/lpm_divide_8sl.tdf
    Info (12023): Found entity 1: lpm_divide_8sl File: C:/Users/hiemenzpe/Documents/GitHub/Digital-System-Design-Projects/Lab 2/gcd/db/lpm_divide_8sl.tdf Line: 24
Info (12021): Found 1 design units, including 1 entities, in source file db/sign_div_unsign_akh.tdf
    Info (12023): Found entity 1: sign_div_unsign_akh File: C:/Users/hiemenzpe/Documents/GitHub/Digital-System-Design-Projects/Lab 2/gcd/db/sign_div_unsign_akh.tdf Line: 24
Info (12021): Found 1 design units, including 1 entities, in source file db/alt_u_div_uee.tdf
    Info (12023): Found entity 1: alt_u_div_uee File: C:/Users/hiemenzpe/Documents/GitHub/Digital-System-Design-Projects/Lab 2/gcd/db/alt_u_div_uee.tdf Line: 26
Warning (13024): Output pins are stuck at VCC or GND
    Warning (13410): Pin "HEX0[7]" is stuck at VCC File: C:/Users/hiemenzpe/Documents/GitHub/Digital-System-Design-Projects/Lab 2/gcd/gcd_fsmd_de10.vhdl Line: 21
    Warning (13410): Pin "HEX2[7]" is stuck at VCC File: C:/Users/hiemenzpe/Documents/GitHub/Digital-System-Design-Projects/Lab 2/gcd/gcd_fsmd_de10.vhdl Line: 22
    Warning (13410): Pin "HEX4[7]" is stuck at VCC File: C:/Users/hiemenzpe/Documents/GitHub/Digital-System-Design-Projects/Lab 2/gcd/gcd_fsmd_de10.vhdl Line: 23
    Warning (13410): Pin "HEX5[1]" is stuck at GND File: C:/Users/hiemenzpe/Documents/GitHub/Digital-System-Design-Projects/Lab 2/gcd/gcd_fsmd_de10.vhdl Line: 24
    Warning (13410): Pin "HEX5[2]" is stuck at GND File: C:/Users/hiemenzpe/Documents/GitHub/Digital-System-Design-Projects/Lab 2/gcd/gcd_fsmd_de10.vhdl Line: 24
    Warning (13410): Pin "HEX5[6]" is stuck at VCC File: C:/Users/hiemenzpe/Documents/GitHub/Digital-System-Design-Projects/Lab 2/gcd/gcd_fsmd_de10.vhdl Line: 24
    Warning (13410): Pin "HEX5[7]" is stuck at VCC File: C:/Users/hiemenzpe/Documents/GitHub/Digital-System-Design-Projects/Lab 2/gcd/gcd_fsmd_de10.vhdl Line: 24
Info (286030): Timing-Driven Synthesis is running
Info (16010): Generating hard_block partition "hard_block:auto_generated_inst"
    Info (16011): Adding 0 node(s), including 0 DDIO, 0 PLL, 0 transceiver and 0 LCELL
Warning (21074): Design contains 1 input pin(s) that do not drive logic
    Warning (15610): No output dependent on input pin "SW[1]" File: C:/Users/hiemenzpe/Documents/GitHub/Digital-System-Design-Projects/Lab 2/gcd/gcd_fsmd_de10.vhdl Line: 18
Info (21057): Implemented 136 device resources after synthesis - the final resource count might be different
    Info (21058): Implemented 12 input pins
    Info (21059): Implemented 33 output pins
    Info (21061): Implemented 91 logic cells
Info: Quartus Prime Analysis & Synthesis was successful. 0 errors, 11 warnings
    Info: Peak virtual memory: 4821 megabytes
    Info: Processing ended: Thu Sep 27 22:40:16 2018
    Info: Elapsed time: 00:00:14
    Info: Total CPU time (on all processors): 00:00:29


